<?xml version="1.0" encoding="UTF-8"?>
<!-- Generated by org.testng.reporters.JUnitReportReporter -->
<testsuite hostname="Rohit" failures="0" tests="1" name="drivenFactory.AppTest" time="19.856" errors="0" timestamp="2023-12-15T17:08:09 IST" skipped="0">
  <testcase classname="drivenFactory.AppTest" name="kickStart" time="19.856">
    <system-out>
      <![CDATA[Electronics       Electronics]]>
    </system-out>
  </testcase> <!-- kickStart -->
  <system-out>
    <![CDATA[Electronics       Electronics]]>
  </system-out>
</testsuite> <!-- drivenFactory.AppTest -->
